<?xml version="1.0" encoding="utf-8"?><testsuites name="pytest tests"><testsuite name="pytest" errors="0" failures="0" skipped="0" tests="4" time="1.090" timestamp="2026-03-23T11:54:05.744907+00:00" hostname="agent-env-6f196a1e-01b7-4875-bf7c-d3df7207e57d"><testcase classname="backend.tests.test_mobile_port_core_api.TestMobilePortCoreApi" name="test_license_check_autogenerates_subscription" time="0.152" /><testcase classname="backend.tests.test_mobile_port_core_api.TestMobilePortCoreApi" name="test_profiles_create_list_and_profile_route" time="0.260" /><testcase classname="backend.tests.test_mobile_port_core_api.TestMobilePortCoreApi" name="test_warmup_start_and_list_logs" time="0.309" /><testcase classname="backend.tests.test_mobile_port_core_api.TestMobilePortCoreApi" name="test_farm_start_with_two_profiles" time="0.347" /></testsuite></testsuites>