<?xml version="1.0" encoding="utf-8"?><testsuites name="pytest tests"><testsuite name="pytest" errors="0" failures="0" skipped="1" tests="6" time="45.543" timestamp="2026-03-23T18:25:18.765852+00:00" hostname="agent-env-6f196a1e-01b7-4875-bf7c-d3df7207e57d"><testcase classname="backend.tests.test_mobile_port_core_api.TestMobilePortCoreApi" name="test_license_check_autogenerates_subscription" time="0.724" /><testcase classname="backend.tests.test_mobile_port_core_api.TestMobilePortCoreApi" name="test_profiles_create_list_detail_and_delete" time="5.756" /><testcase classname="backend.tests.test_mobile_port_core_api.TestMobilePortCoreApi" name="test_fingerprint_get_update_randomize" time="8.539" /><testcase classname="backend.tests.test_mobile_port_core_api.TestMobilePortCoreApi" name="test_session_get_and_update" time="4.691" /><testcase classname="backend.tests.test_mobile_port_core_api.TestMobilePortCoreApi" name="test_warmup_start_stop_and_profile_metrics" time="8.579" /><testcase classname="backend.tests.test_mobile_port_core_api.TestMobilePortCoreApi" name="test_farm_start_and_stop" time="17.239"><skipped type="pytest.skip" message="Farm mode disabled for current subscription plan">/app/backend/tests/test_mobile_port_core_api.py:186: Farm mode disabled for current subscription plan</skipped></testcase></testsuite></testsuites>